<?xml version="1.0" encoding="UTF-8"?>
<testsuite xmlns:xsi="http://www.w3.org/2001/XMLSchema-instance" xsi:noNamespaceSchemaLocation="https://maven.apache.org/surefire/maven-surefire-plugin/xsd/surefire-test-report-3.0.xsd" version="3.0" name="org.example.document.PdfDocumentTest" time="1.21" tests="2" errors="0" skipped="0" failures="0">
  <properties>
[...]
</properties>
  <testcase name="save_shouldCreatePdf_andContainContent" classname="org.example.document.PdfDocumentTest" time="1.198">
    <system-out><![CDATA[2026-01-14T20:49:58.329534200Z main ERROR Log4j2 could not find a logging implementation. Please add log4j-core to the classpath. Using SimpleLogger to log to the console...
Saved PDF document to: C:\Users\hayth\AppData\Local\Temp\junit11859830690196462416\file.pdf
]]></system-out>
  </testcase>
  <testcase name="save_shouldThrowOnEmptyPath" classname="org.example.document.PdfDocumentTest" time="0.006"/>
</testsuite>